<?xml version="1.0" encoding="UTF-8"?>
<!-- Generated by org.testng.reporters.JUnitXMLReporter -->
<testsuite ignored="6" hostname="QNA-CD071" failures="0" tests="0" time="0.018" errors="0" timestamp="2023-06-16T12:49:48 IST">
  <testcase classname="com.nxstudio.testCases.TC_Login_001" name="emailBlankFields" time="0.0">
    <ignored/>
  </testcase> <!-- emailBlankFields -->
  <testcase classname="com.nxstudio.testCases.TC_Login_001" name="verifyTitle" time="0.0">
    <ignored/>
  </testcase> <!-- verifyTitle -->
  <testcase classname="com.nxstudio.testCases.TC_Login_001" name="launchBrowser" time="0.0">
    <ignored/>
  </testcase> <!-- launchBrowser -->
  <testcase classname="com.nxstudio.testCases.TC_Login_001" name="passwordBlankFields" time="0.0">
    <ignored/>
  </testcase> <!-- passwordBlankFields -->
  <testcase classname="com.nxstudio.testCases.TC_Login_001" name="blankFields" time="0.0">
    <ignored/>
  </testcase> <!-- blankFields -->
  <testcase classname="com.nxstudio.testCases.TC_Login_001" name="Login" time="0.0">
    <ignored/>
  </testcase> <!-- Login -->
</testsuite>
