<?xml version="1.0" encoding="UTF-8"?>
<testng-results ignored="0" total="8" passed="7" failed="1" skipped="0">
  <reporter-output>
  </reporter-output>
  <suite started-at="2023-06-17T18:26:19 IST" name="Default suite" finished-at="2023-06-17T18:27:37 IST" duration-ms="77603">
    <groups>
    </groups>
    <test started-at="2023-06-17T18:26:19 IST" name="Default test" finished-at="2023-06-17T18:27:37 IST" duration-ms="77603">
      <class name="com.nxstudio.testCases.TC_Login_001">
        <test-method is-config="true" signature="setup()[pri:0, instance:com.nxstudio.testCases.TC_Login_001@1b410b60]" started-at="2023-06-17T18:26:19 IST" name="setup" finished-at="2023-06-17T18:26:25 IST" duration-ms="5570" status="PASS">
          <reporter-output>
          </reporter-output>
        </test-method> <!-- setup -->
        <test-method signature="launchBrowser()[pri:1, instance:com.nxstudio.testCases.TC_Login_001@1b410b60]" started-at="2023-06-17T18:26:25 IST" name="launchBrowser" finished-at="2023-06-17T18:26:30 IST" duration-ms="5354" status="PASS">
          <reporter-output>
          </reporter-output>
        </test-method> <!-- launchBrowser -->
        <test-method signature="verifyTitle(org.testng.ITestResult)[pri:2, instance:com.nxstudio.testCases.TC_Login_001@1b410b60]" started-at="2023-06-17T18:26:30 IST" name="verifyTitle" finished-at="2023-06-17T18:26:30 IST" duration-ms="0" status="FAIL">
          <exception class="org.testng.TestNGException">
            <message>
              <![CDATA[
Cannot inject @Test annotated Method [verifyTitle] with [interface org.testng.ITestResult].
For more information on native dependency injection please refer to https://testng.org/doc/documentation-main.html#native-dependency-injection]]>
            </message>
            <full-stacktrace>
              <![CDATA[org.testng.TestNGException: 
Cannot inject @Test annotated Method [verifyTitle] with [interface org.testng.ITestResult].
For more information on native dependency injection please refer to https://testng.org/doc/documentation-main.html#native-dependency-injection
at org.testng.internal.Parameters.checkParameterTypes(Parameters.java:439)
at org.testng.internal.Parameters.createParametersForMethod(Parameters.java:353)
at org.testng.internal.Parameters.createParameters(Parameters.java:708)
at org.testng.internal.Parameters.handleParameters(Parameters.java:884)
at org.testng.internal.Parameters.handleParameters(Parameters.java:740)
at org.testng.internal.ParameterHandler.handleParameters(ParameterHandler.java:59)
at org.testng.internal.ParameterHandler.createParameters(ParameterHandler.java:38)
at org.testng.internal.TestInvoker$MethodInvocationAgent.invoke(TestInvoker.java:791)
at org.testng.internal.TestInvoker.invokeTestMethods(TestInvoker.java:146)
at org.testng.internal.TestMethodWorker.invokeTestMethods(TestMethodWorker.java:146)
at org.testng.internal.TestMethodWorker.run(TestMethodWorker.java:128)
at java.base/java.util.ArrayList.forEach(ArrayList.java:1511)
at org.testng.TestRunner.privateRun(TestRunner.java:794)
at org.testng.TestRunner.run(TestRunner.java:596)
at org.testng.SuiteRunner.runTest(SuiteRunner.java:377)
at org.testng.SuiteRunner.runSequentially(SuiteRunner.java:371)
at org.testng.SuiteRunner.privateRun(SuiteRunner.java:332)
at org.testng.SuiteRunner.run(SuiteRunner.java:276)
at org.testng.SuiteRunnerWorker.runSuite(SuiteRunnerWorker.java:53)
at org.testng.SuiteRunnerWorker.run(SuiteRunnerWorker.java:96)
at org.testng.TestNG.runSuitesSequentially(TestNG.java:1212)
at org.testng.TestNG.runSuitesLocally(TestNG.java:1134)
at org.testng.TestNG.runSuites(TestNG.java:1063)
at org.testng.TestNG.run(TestNG.java:1031)
at org.testng.remote.AbstractRemoteTestNG.run(AbstractRemoteTestNG.java:115)
at org.testng.remote.RemoteTestNG.initAndRun(RemoteTestNG.java:251)
at org.testng.remote.RemoteTestNG.main(RemoteTestNG.java:77)
]]>
            </full-stacktrace>
          </exception> <!-- org.testng.TestNGException -->
          <reporter-output>
          </reporter-output>
        </test-method> <!-- verifyTitle -->
        <test-method signature="blankFields()[pri:3, instance:com.nxstudio.testCases.TC_Login_001@1b410b60]" started-at="2023-06-17T18:26:30 IST" name="blankFields" finished-at="2023-06-17T18:26:41 IST" duration-ms="10628" status="PASS">
          <reporter-output>
          </reporter-output>
        </test-method> <!-- blankFields -->
        <test-method signature="passwordBlankFields()[pri:4, instance:com.nxstudio.testCases.TC_Login_001@1b410b60]" started-at="2023-06-17T18:26:41 IST" name="passwordBlankFields" finished-at="2023-06-17T18:26:51 IST" duration-ms="10544" status="PASS">
          <reporter-output>
          </reporter-output>
        </test-method> <!-- passwordBlankFields -->
        <test-method signature="emailBlankFields()[pri:5, instance:com.nxstudio.testCases.TC_Login_001@1b410b60]" started-at="2023-06-17T18:26:51 IST" name="emailBlankFields" finished-at="2023-06-17T18:27:02 IST" duration-ms="10253" status="PASS">
          <reporter-output>
          </reporter-output>
        </test-method> <!-- emailBlankFields -->
        <test-method signature="invalidCredentials()[pri:6, instance:com.nxstudio.testCases.TC_Login_001@1b410b60]" started-at="2023-06-17T18:27:02 IST" name="invalidCredentials" finished-at="2023-06-17T18:27:12 IST" duration-ms="9909" status="PASS">
          <reporter-output>
          </reporter-output>
        </test-method> <!-- invalidCredentials -->
        <test-method signature="invalidEmailFormat()[pri:7, instance:com.nxstudio.testCases.TC_Login_001@1b410b60]" started-at="2023-06-17T18:27:12 IST" name="invalidEmailFormat" finished-at="2023-06-17T18:27:23 IST" duration-ms="11727" status="PASS">
          <reporter-output>
          </reporter-output>
        </test-method> <!-- invalidEmailFormat -->
        <test-method signature="Login()[pri:8, instance:com.nxstudio.testCases.TC_Login_001@1b410b60]" started-at="2023-06-17T18:27:23 IST" name="Login" finished-at="2023-06-17T18:27:35 IST" duration-ms="11842" status="PASS">
          <reporter-output>
          </reporter-output>
        </test-method> <!-- Login -->
        <test-method is-config="true" signature="tearDown()[pri:0, instance:com.nxstudio.testCases.TC_Login_001@1b410b60]" started-at="2023-06-17T18:27:35 IST" name="tearDown" finished-at="2023-06-17T18:27:37 IST" duration-ms="1626" status="PASS">
          <reporter-output>
          </reporter-output>
        </test-method> <!-- tearDown -->
      </class> <!-- com.nxstudio.testCases.TC_Login_001 -->
    </test> <!-- Default test -->
  </suite> <!-- Default suite -->
</testng-results>
